0 info it worked if it ends with ok
1 verbose cli [ '/Users/simon/.nvm/versions/node/v6.11.0/bin/node',
1 verbose cli   '/Users/simon/.nvm/versions/node/v6.11.0/bin/npm',
1 verbose cli   'run',
1 verbose cli   'server' ]
2 info using npm@3.10.10
3 info using node@v6.11.0
4 verbose run-script [ 'preserver', 'server', 'postserver' ]
5 info lifecycle LoadMore@0.0.1~preserver: LoadMore@0.0.1
6 silly lifecycle LoadMore@0.0.1~preserver: no script for preserver, continuing
7 info lifecycle LoadMore@0.0.1~server: LoadMore@0.0.1
8 verbose lifecycle LoadMore@0.0.1~server: unsafe-perm in lifecycle true
9 verbose lifecycle LoadMore@0.0.1~server: PATH: /Users/simon/.nvm/versions/node/v6.11.0/lib/node_modules/npm/bin/node-gyp-bin:/Users/simon/code/company/CEFC/cefc-ui/LoadMore/node_modules/.bin:/Users/simon/.nvm/versions/node/v6.11.0/bin:/usr/local/bin:/usr/bin:/bin:/usr/sbin:/sbin
10 verbose lifecycle LoadMore@0.0.1~server: CWD: /Users/simon/code/company/CEFC/cefc-ui/LoadMore
11 silly lifecycle LoadMore@0.0.1~server: Args: [ '-c', 'tools run server' ]
12 silly lifecycle LoadMore@0.0.1~server: Returned: code: 1  signal: null
13 info lifecycle LoadMore@0.0.1~server: Failed to exec server script
14 verbose stack Error: LoadMore@0.0.1 server: `tools run server`
14 verbose stack Exit status 1
14 verbose stack     at EventEmitter.<anonymous> (/Users/simon/.nvm/versions/node/v6.11.0/lib/node_modules/npm/lib/utils/lifecycle.js:255:16)
14 verbose stack     at emitTwo (events.js:106:13)
14 verbose stack     at EventEmitter.emit (events.js:191:7)
14 verbose stack     at ChildProcess.<anonymous> (/Users/simon/.nvm/versions/node/v6.11.0/lib/node_modules/npm/lib/utils/spawn.js:40:14)
14 verbose stack     at emitTwo (events.js:106:13)
14 verbose stack     at ChildProcess.emit (events.js:191:7)
14 verbose stack     at maybeClose (internal/child_process.js:891:16)
14 verbose stack     at Process.ChildProcess._handle.onexit (internal/child_process.js:226:5)
15 verbose pkgid LoadMore@0.0.1
16 verbose cwd /Users/simon/code/company/CEFC/cefc-ui/LoadMore
17 error Darwin 16.7.0
18 error argv "/Users/simon/.nvm/versions/node/v6.11.0/bin/node" "/Users/simon/.nvm/versions/node/v6.11.0/bin/npm" "run" "server"
19 error node v6.11.0
20 error npm  v3.10.10
21 error code ELIFECYCLE
22 error LoadMore@0.0.1 server: `tools run server`
22 error Exit status 1
23 error Failed at the LoadMore@0.0.1 server script 'tools run server'.
23 error Make sure you have the latest version of node.js and npm installed.
23 error If you do, this is most likely a problem with the LoadMore package,
23 error not with npm itself.
23 error Tell the author that this fails on your system:
23 error     tools run server
23 error You can get information on how to open an issue for this project with:
23 error     npm bugs LoadMore
23 error Or if that isn't available, you can get their info via:
23 error     npm owner ls LoadMore
23 error There is likely additional logging output above.
24 verbose exit [ 1, true ]
